2025-01-02 12:58:56,869 - ERROR - balance_dataset fonksiyonunda hata: cannot access local variable 'message' where it is not associated with a value
2025-01-02 12:58:56,872 - ERROR - Internal Server Error: /createModel/CustomDataset/balanceTrainDataset
2025-01-02 12:59:20,724 - INFO - C:\Users\husey\Desktop\Projects\TextProcessorAndClassifierProject\TextProcessorAndClassifierApp\views\choice_train_dataset.py changed, reloading.
2025-01-02 12:59:32,866 - INFO - C:\Users\husey\Desktop\Projects\TextProcessorAndClassifierProject\TextProcessorAndClassifierApp\views\choice_train_dataset.py changed, reloading.
2025-01-02 12:59:39,896 - INFO - C:\Users\husey\Desktop\Projects\TextProcessorAndClassifierProject\TextProcessorAndClassifierApp\views\choice_train_dataset.py changed, reloading.
2025-01-02 12:59:49,900 - INFO - C:\Users\husey\Desktop\Projects\TextProcessorAndClassifierProject\TextProcessorAndClassifierApp\views\choice_train_dataset.py changed, reloading.
2025-01-02 12:59:57,491 - INFO - C:\Users\husey\Desktop\Projects\TextProcessorAndClassifierProject\TextProcessorAndClassifierApp\views\choice_train_dataset.py changed, reloading.
2025-01-02 13:00:14,202 - ERROR - balance_dataset fonksiyonunda hata: 'NoneType' object is not subscriptable
2025-01-02 13:00:14,203 - ERROR - Internal Server Error: /createModel/CustomDataset/balanceTrainDataset
2025-01-02 13:00:18,033 - ERROR - balance_dataset fonksiyonunda hata: 'NoneType' object is not subscriptable
2025-01-02 13:00:18,033 - ERROR - Internal Server Error: /createModel/CustomDataset/balanceTrainDataset
2025-01-02 13:01:11,511 - WARNING - Bad Request: /createModel/choiceModelComponents
2025-01-02 13:02:34,622 - INFO - C:\Users\husey\Desktop\Projects\TextProcessorAndClassifierProject\TextProcessorAndClassifierApp\views\create_model.py changed, reloading.
2025-01-02 13:02:45,823 - INFO - C:\Users\husey\Desktop\Projects\TextProcessorAndClassifierProject\TextProcessorAndClassifierApp\views\create_model.py changed, reloading.
2025-01-02 13:03:20,676 - INFO - C:\Users\husey\Desktop\Projects\TextProcessorAndClassifierProject\TextProcessorAndClassifierApp\views\choice_train_dataset.py changed, reloading.
2025-01-02 13:03:28,075 - INFO - C:\Users\husey\Desktop\Projects\TextProcessorAndClassifierProject\TextProcessorAndClassifierApp\views\choice_train_dataset.py changed, reloading.
2025-01-02 13:03:39,613 - INFO - C:\Users\husey\Desktop\Projects\TextProcessorAndClassifierProject\TextProcessorAndClassifierApp\views\choice_train_dataset.py changed, reloading.
2025-01-02 13:03:55,424 - INFO - C:\Users\husey\Desktop\Projects\TextProcessorAndClassifierProject\TextProcessorAndClassifierApp\views\choice_train_dataset.py changed, reloading.
2025-01-02 13:04:02,131 - INFO - C:\Users\husey\Desktop\Projects\TextProcessorAndClassifierProject\TextProcessorAndClassifierApp\views\choice_train_dataset.py changed, reloading.
2025-01-02 13:04:15,811 - WARNING - Not Found: /favicon.ico
2025-01-02 13:05:06,119 - WARNING - Bad Request: /createModel/choiceModelComponents
2025-01-02 13:05:51,727 - INFO - C:\Users\husey\Desktop\Projects\TextProcessorAndClassifierProject\TextProcessorAndClassifierApp\views\create_model.py changed, reloading.
2025-01-02 13:05:57,978 - INFO - C:\Users\husey\Desktop\Projects\TextProcessorAndClassifierProject\TextProcessorAndClassifierApp\views\choice_train_dataset.py changed, reloading.
